
Sat Oct 24 2015 18:18:43 GMT-0400 (EDT)

Operating System
  Name                        = Mac OS X
  Version                     = 10.10.5
  Architecture                = 64bit
  # CPUs                      = 8
  Memory                      = 17179869184

Node.js
  Node.js Version             = 0.10.37
  npm Version                 = 1.4.28

Titanium CLI
  CLI Version                 = 5.0.4

Titanium SDK
  SDK Version                 = 5.0.2.GA
  SDK Path                    = /Users/GD/Library/Application Support/Titanium/mobilesdk/osx/5.0.2.GA
  Target Platform             = iphone

Command
  /usr/local/bin/node /Users/GD/.appcelerator/install/5.0.2/package/node_modules/appc-cli-titanium/node_modules/titanium/bin/titanium build --platform ios --log-level trace --sdk 5.0.2.GA --project-dir /Users/GD/Documents/Visual Frameworks 2/VFW1510/VFW1510/Nazarett_Gerardo_Project4 --target simulator --ios-version 9.1 --device-family iphone --sim-type iphone --sim-version 9.1 --device-id 2E8239C3-54DB-472B-BE1E-7D2D54CECA08 --skip-js-minify --liveview --deploy-type development --no-colors --no-progress-bars --no-prompt --prompt-type socket-bundle --prompt-port 53812 --plugin-paths /Users/GD/.appcelerator/install/5.0.2/package/node_modules --config-file /var/folders/vn/p9bpyqg51pl6hr5rw23kt4140000gn/T/build-1445725120915.json --no-banner

[TRACE]  [ioslib] Validating iOS Simulator UDID 2E8239C3-54DB-472B-BE1E-7D2D54CECA08
[TRACE]  [ioslib] Found iOS Simulator UDID 2E8239C3-54DB-472B-BE1E-7D2D54CECA08
[TRACE]  [ioslib] Selected iOS Simulator: iPhone 5
[TRACE]  [ioslib]   UDID    = 2E8239C3-54DB-472B-BE1E-7D2D54CECA08
[TRACE]  [ioslib]   iOS     = 9.1
[TRACE]  [ioslib] Autoselected Xcode: 7.1
[INFO]   Symlinked files not supported with iOS 9.1 simulator, forcing files to be copied
[DEBUG]  Detecting modules in /Users/GD/Library/Application Support/Titanium/modules
[DEBUG]  Detected android module: com.appcelerator.apm 1.1.1 @ /Users/GD/Library/Application Support/Titanium/modules/android/com.appcelerator.apm/1.1.1
[DEBUG]  Detected android module: com.appcelerator.apm 1.1.5 @ /Users/GD/Library/Application Support/Titanium/modules/android/com.appcelerator.apm/1.1.5
[DEBUG]  Detected android module: facebook 4.0.1 @ /Users/GD/Library/Application Support/Titanium/modules/android/facebook/4.0.1
[DEBUG]  Detected android module: facebook 4.0.5 @ /Users/GD/Library/Application Support/Titanium/modules/android/facebook/4.0.5
[DEBUG]  Detected android module: ti.cloudpush 3.3.7 @ /Users/GD/Library/Application Support/Titanium/modules/android/ti.cloudpush/3.3.7
[DEBUG]  Detected android module: ti.cloudpush 3.3.8 @ /Users/GD/Library/Application Support/Titanium/modules/android/ti.cloudpush/3.3.8
[DEBUG]  Detected android module: ti.cloudpush 3.4.0 @ /Users/GD/Library/Application Support/Titanium/modules/android/ti.cloudpush/3.4.0
[DEBUG]  Detected android module: ti.map 2.2.3 @ /Users/GD/Library/Application Support/Titanium/modules/android/ti.map/2.2.3
[DEBUG]  Detected android module: ti.map 2.3.1 @ /Users/GD/Library/Application Support/Titanium/modules/android/ti.map/2.3.1
[DEBUG]  Detected android module: ti.map 2.3.3 @ /Users/GD/Library/Application Support/Titanium/modules/android/ti.map/2.3.3
[DEBUG]  Detected commonjs module: ti.cloud 3.2.7 @ /Users/GD/Library/Application Support/Titanium/modules/commonjs/ti.cloud/3.2.7
[DEBUG]  Detected commonjs module: ti.cloud 3.2.9 @ /Users/GD/Library/Application Support/Titanium/modules/commonjs/ti.cloud/3.2.9
[DEBUG]  Detected iphone module: com.appcelerator.apm 1.1.1 @ /Users/GD/Library/Application Support/Titanium/modules/iphone/com.appcelerator.apm/1.1.1
[DEBUG]  Detected iphone module: com.appcelerator.apm 1.1.5 @ /Users/GD/Library/Application Support/Titanium/modules/iphone/com.appcelerator.apm/1.1.5
[DEBUG]  Detected iphone module: com.appcelerator.urlSession 1.1.0 @ /Users/GD/Library/Application Support/Titanium/modules/iphone/com.appcelerator.urlSession/1.1.0
[DEBUG]  Detected iphone module: com.appcelerator.urlSession 1.1.1 @ /Users/GD/Library/Application Support/Titanium/modules/iphone/com.appcelerator.urlSession/1.1.1
[DEBUG]  Detected iphone module: facebook 4.0.0 @ /Users/GD/Library/Application Support/Titanium/modules/iphone/facebook/4.0.0
[DEBUG]  Detected iphone module: facebook 4.0.5 @ /Users/GD/Library/Application Support/Titanium/modules/iphone/facebook/4.0.5
[DEBUG]  Detected iphone module: ti.coremotion 1.1.0 @ /Users/GD/Library/Application Support/Titanium/modules/iphone/ti.coremotion/1.1.0
[DEBUG]  Detected iphone module: ti.map 2.2.0 @ /Users/GD/Library/Application Support/Titanium/modules/iphone/ti.map/2.2.0
[DEBUG]  Detected iphone module: ti.map 2.3.1 @ /Users/GD/Library/Application Support/Titanium/modules/iphone/ti.map/2.3.1
[DEBUG]  Detected iphone module: ti.map 2.4.1 @ /Users/GD/Library/Application Support/Titanium/modules/iphone/ti.map/2.4.1
[DEBUG]  Detected iphone module: ti.touchid 1.1.0 @ /Users/GD/Library/Application Support/Titanium/modules/iphone/ti.touchid/1.1.0
[DEBUG]  Detected iphone module: ti.touchid 1.2.0 @ /Users/GD/Library/Application Support/Titanium/modules/iphone/ti.touchid/1.2.0
[DEBUG]  No project level plugins to load
[TRACE]  Snapshotting build directory
[DEBUG]  Titanium SDK iOS directory: /Users/GD/Library/Application Support/Titanium/mobilesdk/osx/5.0.2.GA/iphone
[INFO]   Deploy type: development
[INFO]   Building for target: simulator
[INFO]   Building using iOS SDK: 9.1
[INFO]   Building for iOS Simulator: iPhone 5
[DEBUG]  UDID: 2E8239C3-54DB-472B-BE1E-7D2D54CECA08
[DEBUG]  Simulator type: iphone
[DEBUG]  Simulator version: 9.1
[INFO]   Building for device family: iphone
[DEBUG]  Setting Xcode target to Debug
[DEBUG]  Setting Xcode build OS to iphonesimulator
[DEBUG]  Xcode installation: /Applications/Xcode.app/Contents/Developer
[DEBUG]  iOS WWDR certificate: installed
[INFO]   Minimum iOS version: 7.1
[INFO]   Debugging disabled
[INFO]   Profiler disabled
[INFO]   Set to copy files instead of symlinking
[INFO]   Initializing the build directory
[TRACE]  offline build file /var/folders/vn/p9bpyqg51pl6hr5rw23kt4140000gn/T/build-24db0fbb4f5e779f72d3f533ad81f796687dbcd4.json
[TRACE]  online 1
[TRACE]  optimizing build, last build was 224.843 sec ago
[INFO]   Creating Xcode project
[TRACE]  Removing pre-compile phase
[TRACE]  No native module libraries to add
[TRACE]  No extensions to add
[TRACE]  No change, skipping /Users/GD/Documents/Visual Frameworks 2/VFW1510/VFW1510/Nazarett_Gerardo_Project4/build/iphone/Nazarett_Gerardo_Project4.xcodeproj/project.pbxproj
[INFO]   Creating Entitlements.plist
[TRACE]  No change, skipping /Users/GD/Documents/Visual Frameworks 2/VFW1510/VFW1510/Nazarett_Gerardo_Project4/build/iphone/Nazarett_Gerardo_Project4.entitlements
[INFO]   Creating Info.plist
[INFO]   Disabling ATS
[TRACE]  No change, skipping /Users/GD/Documents/Visual Frameworks 2/VFW1510/VFW1510/Nazarett_Gerardo_Project4/build/iphone/Info.plist
[INFO]   Creating main.m
[TRACE]  No change, skipping /Users/GD/Documents/Visual Frameworks 2/VFW1510/VFW1510/Nazarett_Gerardo_Project4/build/iphone/main.m
[INFO]   Creating Xcode config files
[TRACE]  No change, skipping /Users/GD/Documents/Visual Frameworks 2/VFW1510/VFW1510/Nazarett_Gerardo_Project4/build/iphone/project.xcconfig
[TRACE]  No change, skipping /Users/GD/Documents/Visual Frameworks 2/VFW1510/VFW1510/Nazarett_Gerardo_Project4/build/iphone/module.xcconfig
[INFO]   Copying Titanium libraries
[TRACE]  No change, skipping /Users/GD/Documents/Visual Frameworks 2/VFW1510/VFW1510/Nazarett_Gerardo_Project4/build/iphone/lib/libTiCore.a
[TRACE]  No change, skipping /Users/GD/Documents/Visual Frameworks 2/VFW1510/VFW1510/Nazarett_Gerardo_Project4/build/iphone/lib/libtiverify.a
[TRACE]  No change, skipping /Users/GD/Documents/Visual Frameworks 2/VFW1510/VFW1510/Nazarett_Gerardo_Project4/build/iphone/lib/libti_ios_debugger.a
[TRACE]  No change, skipping /Users/GD/Documents/Visual Frameworks 2/VFW1510/VFW1510/Nazarett_Gerardo_Project4/build/iphone/lib/libti_ios_profiler.a
[INFO]   Copying Titanium iOS files
[TRACE]  Skipping Classes/ApplicationRouting.m, it'll be processed later
[TRACE]  No change, skipping /Users/GD/Documents/Visual Frameworks 2/VFW1510/VFW1510/Nazarett_Gerardo_Project4/build/iphone/Nazarett_Gerardo_Project4_Prefix.pch
[TRACE]  No change, skipping /Users/GD/Documents/Visual Frameworks 2/VFW1510/VFW1510/Nazarett_Gerardo_Project4/build/iphone/Nazarett_Gerardo_Project4.xcodeproj/xcshareddata/xcschemes/Nazarett_Gerardo_Project4.xcscheme
[INFO]   Creating debugger and profiler plists
[DEBUG]  Skipping /Users/GD/Documents/Visual Frameworks 2/VFW1510/VFW1510/Nazarett_Gerardo_Project4/build/iphone/build/Products/Debug-iphonesimulator/Nazarett_Gerardo_Project4.app/debugger.plist
[DEBUG]  Skipping /Users/GD/Documents/Visual Frameworks 2/VFW1510/VFW1510/Nazarett_Gerardo_Project4/build/iphone/build/Products/Debug-iphonesimulator/Nazarett_Gerardo_Project4.app/profiler.plist
[INFO]   Analyzing Resources directory
[INFO]   Analyzing platform files
[INFO]   Analyzing module files
[INFO]   Analyzing localized launch images
[INFO]   Analyzing CommonJS modules
[INFO]   Creating asset catalog
[TRACE]  No change, skipping /Users/GD/Documents/Visual Frameworks 2/VFW1510/VFW1510/Nazarett_Gerardo_Project4/build/iphone/Assets.xcassets/Contents.json
[INFO]   Creating app icon set
[TRACE]  Found generated 58x58 app icon: /Users/GD/Documents/Visual Frameworks 2/VFW1510/VFW1510/Nazarett_Gerardo_Project4/build/iphone/Assets.xcassets/AppIcon.appiconset/appicon-Small@2x.png
[TRACE]  Found generated 87x87 app icon: /Users/GD/Documents/Visual Frameworks 2/VFW1510/VFW1510/Nazarett_Gerardo_Project4/build/iphone/Assets.xcassets/AppIcon.appiconset/appicon-Small@3x.png
[TRACE]  Found generated 80x80 app icon: /Users/GD/Documents/Visual Frameworks 2/VFW1510/VFW1510/Nazarett_Gerardo_Project4/build/iphone/Assets.xcassets/AppIcon.appiconset/appicon-Small-40@2x.png
[TRACE]  Found generated 120x120 app icon: /Users/GD/Documents/Visual Frameworks 2/VFW1510/VFW1510/Nazarett_Gerardo_Project4/build/iphone/Assets.xcassets/AppIcon.appiconset/appicon-Small-40@3x.png
[TRACE]  Found generated 120x120 app icon: /Users/GD/Documents/Visual Frameworks 2/VFW1510/VFW1510/Nazarett_Gerardo_Project4/build/iphone/Assets.xcassets/AppIcon.appiconset/appicon-60@2x.png
[TRACE]  Found generated 180x180 app icon: /Users/GD/Documents/Visual Frameworks 2/VFW1510/VFW1510/Nazarett_Gerardo_Project4/build/iphone/Assets.xcassets/AppIcon.appiconset/appicon-60@3x.png
[TRACE]  No change, skipping /Users/GD/Documents/Visual Frameworks 2/VFW1510/VFW1510/Nazarett_Gerardo_Project4/build/iphone/Assets.xcassets/AppIcon.appiconset/Contents.json
[INFO]   Creating launch image set
[DEBUG]  Skipping iPad launch image: Resources/iphone/Default-Landscape.png
[DEBUG]  Skipping iPad launch image: Resources/iphone/Default-Landscape@2x.png
[DEBUG]  Skipping iPad launch image: Resources/iphone/Default-Portrait.png
[DEBUG]  Skipping iPad launch image: Resources/iphone/Default-Portrait@2x.png
[DEBUG]  Unsupported launch image Resources/iphone/Default.png, skipping
[TRACE]  No change, skipping /Users/GD/Documents/Visual Frameworks 2/VFW1510/VFW1510/Nazarett_Gerardo_Project4/build/iphone/Assets.xcassets/LaunchImage.launchimage/Contents.json
[DEBUG]  Copying resources
[TRACE]  No change, skipping /Users/GD/Documents/Visual Frameworks 2/VFW1510/VFW1510/Nazarett_Gerardo_Project4/build/iphone/build/Products/Debug-iphonesimulator/Nazarett_Gerardo_Project4.app/KS_nav_ui.png
[TRACE]  No change, skipping /Users/GD/Documents/Visual Frameworks 2/VFW1510/VFW1510/Nazarett_Gerardo_Project4/build/iphone/build/Products/Debug-iphonesimulator/Nazarett_Gerardo_Project4.app/KS_nav_views.png
[TRACE]  No change, skipping /Users/GD/Documents/Visual Frameworks 2/VFW1510/VFW1510/Nazarett_Gerardo_Project4/build/iphone/build/Products/Debug-iphonesimulator/Nazarett_Gerardo_Project4.app/backgroundImage/United.jpg
[TRACE]  No change, skipping /Users/GD/Documents/Visual Frameworks 2/VFW1510/VFW1510/Nazarett_Gerardo_Project4/build/iphone/build/Products/Debug-iphonesimulator/Nazarett_Gerardo_Project4.app/backgroundImage/dc.png
[TRACE]  No change, skipping /Users/GD/Documents/Visual Frameworks 2/VFW1510/VFW1510/Nazarett_Gerardo_Project4/build/iphone/build/Products/Debug-iphonesimulator/Nazarett_Gerardo_Project4.app/backgroundImage/marvel.jpg
[TRACE]  No change, skipping /Users/GD/Documents/Visual Frameworks 2/VFW1510/VFW1510/Nazarett_Gerardo_Project4/build/iphone/build/Products/Debug-iphonesimulator/Nazarett_Gerardo_Project4.app/photos/Batman.png
[TRACE]  No change, skipping /Users/GD/Documents/Visual Frameworks 2/VFW1510/VFW1510/Nazarett_Gerardo_Project4/build/iphone/build/Products/Debug-iphonesimulator/Nazarett_Gerardo_Project4.app/photos/GreenLantern.jpg
[TRACE]  No change, skipping /Users/GD/Documents/Visual Frameworks 2/VFW1510/VFW1510/Nazarett_Gerardo_Project4/build/iphone/build/Products/Debug-iphonesimulator/Nazarett_Gerardo_Project4.app/photos/Hulk.jpg
[TRACE]  No change, skipping /Users/GD/Documents/Visual Frameworks 2/VFW1510/VFW1510/Nazarett_Gerardo_Project4/build/iphone/build/Products/Debug-iphonesimulator/Nazarett_Gerardo_Project4.app/photos/Nightcrawler.png
[TRACE]  No change, skipping /Users/GD/Documents/Visual Frameworks 2/VFW1510/VFW1510/Nazarett_Gerardo_Project4/build/iphone/build/Products/Debug-iphonesimulator/Nazarett_Gerardo_Project4.app/photos/Superman.jpg
[TRACE]  No change, skipping /Users/GD/Documents/Visual Frameworks 2/VFW1510/VFW1510/Nazarett_Gerardo_Project4/build/iphone/build/Products/Debug-iphonesimulator/Nazarett_Gerardo_Project4.app/photos/Wolverine.jpg
[TRACE]  No change, skipping /Users/GD/Documents/Visual Frameworks 2/VFW1510/VFW1510/Nazarett_Gerardo_Project4/build/iphone/Assets.xcassets/LaunchImage.launchimage/Default-568h@2x.png
[TRACE]  No change, skipping /Users/GD/Documents/Visual Frameworks 2/VFW1510/VFW1510/Nazarett_Gerardo_Project4/build/iphone/Assets.xcassets/LaunchImage.launchimage/Default-667h@2x.png
[TRACE]  No change, skipping /Users/GD/Documents/Visual Frameworks 2/VFW1510/VFW1510/Nazarett_Gerardo_Project4/build/iphone/Assets.xcassets/LaunchImage.launchimage/Default-Landscape-736h@3x.png
[TRACE]  No change, skipping /Users/GD/Documents/Visual Frameworks 2/VFW1510/VFW1510/Nazarett_Gerardo_Project4/build/iphone/Assets.xcassets/LaunchImage.launchimage/Default-Portrait-736h@3x.png
[TRACE]  No change, skipping /Users/GD/Documents/Visual Frameworks 2/VFW1510/VFW1510/Nazarett_Gerardo_Project4/build/iphone/Assets.xcassets/LaunchImage.launchimage/Default@2x.png
[DEBUG]  Copying CSS files
[INFO]   Processing JavaScript files
[DEBUG]  Overwriting /var/folders/vn/p9bpyqg51pl6hr5rw23kt4140000gn/T/liveview.js => /Users/GD/Documents/Visual Frameworks 2/VFW1510/VFW1510/Nazarett_Gerardo_Project4/build/iphone/build/Products/Debug-iphonesimulator/Nazarett_Gerardo_Project4.app/app.js
[DEBUG]  Overwriting /Users/GD/Documents/Visual Frameworks 2/VFW1510/VFW1510/Nazarett_Gerardo_Project4/Resources/balance.js => /Users/GD/Documents/Visual Frameworks 2/VFW1510/VFW1510/Nazarett_Gerardo_Project4/build/iphone/build/Products/Debug-iphonesimulator/Nazarett_Gerardo_Project4.app/balance.js
[DEBUG]  Overwriting /Users/GD/Documents/Visual Frameworks 2/VFW1510/VFW1510/Nazarett_Gerardo_Project4/Resources/heroes.js => /Users/GD/Documents/Visual Frameworks 2/VFW1510/VFW1510/Nazarett_Gerardo_Project4/build/iphone/build/Products/Debug-iphonesimulator/Nazarett_Gerardo_Project4.app/heroes.js
[DEBUG]  Overwriting /Users/GD/Documents/Visual Frameworks 2/VFW1510/VFW1510/Nazarett_Gerardo_Project4/Resources/images.js => /Users/GD/Documents/Visual Frameworks 2/VFW1510/VFW1510/Nazarett_Gerardo_Project4/build/iphone/build/Products/Debug-iphonesimulator/Nazarett_Gerardo_Project4.app/images.js
[INFO]   Writing app properties
[TRACE]  No change, skipping /Users/GD/Documents/Visual Frameworks 2/VFW1510/VFW1510/Nazarett_Gerardo_Project4/build/iphone/build/Products/Debug-iphonesimulator/Nazarett_Gerardo_Project4.app/_app_props_.json
[DEBUG]  Using default application routing
[TRACE]  No change, skipping /Users/GD/Documents/Visual Frameworks 2/VFW1510/VFW1510/Nazarett_Gerardo_Project4/build/iphone/Classes/ApplicationRouting.m
[INFO]   Writing i18n files
[DEBUG]  No i18n files to process
[INFO]   Processing Titanium symbols
[DEBUG]  Processing Titanium namespace resources
[TRACE]  No change, skipping /Users/GD/Documents/Visual Frameworks 2/VFW1510/VFW1510/Nazarett_Gerardo_Project4/build/iphone/build/Products/Debug-iphonesimulator/Nazarett_Gerardo_Project4.app/modules/ui/images/badge.png
[TRACE]  No change, skipping /Users/GD/Documents/Visual Frameworks 2/VFW1510/VFW1510/Nazarett_Gerardo_Project4/build/iphone/build/Products/Debug-iphonesimulator/Nazarett_Gerardo_Project4.app/modules/ui/images/closeButton.png
[TRACE]  No change, skipping /Users/GD/Documents/Visual Frameworks 2/VFW1510/VFW1510/Nazarett_Gerardo_Project4/build/iphone/build/Products/Debug-iphonesimulator/Nazarett_Gerardo_Project4.app/modules/ui/images/photoDefault.png
[TRACE]  No change, skipping /Users/GD/Documents/Visual Frameworks 2/VFW1510/VFW1510/Nazarett_Gerardo_Project4/build/iphone/Classes/defines.h
[INFO]   Removing files
[DEBUG]  Removing empty directories
[INFO]   Skipping xcodebuild
[INFO]   Finished building the application in 862ms
[INFO]   Launching iOS Simulator
[TRACE]  [ioslib] Selected iOS Simulator: iPhone 5
[TRACE]  [ioslib]   UDID    = 2E8239C3-54DB-472B-BE1E-7D2D54CECA08
[TRACE]  [ioslib]   iOS     = 9.1
[TRACE]  [ioslib] Autoselected Xcode: 7.1
[TRACE]  [ioslib] Removing old log file: /Users/GD/Library/Developer/CoreSimulator/Devices/2E8239C3-54DB-472B-BE1E-7D2D54CECA08/data/Containers/Data/Application/844835D8-8BB6-4894-9F85-AD4CB15F6A2F/Documents/9a0b6bf0-4181-4b37-9222-161b81348e55.log
[TRACE]  [ioslib] iPhone 5 Simulator already running with the correct udid
[TRACE]  [ioslib] Tailing iPhone 5 Simulator system log: /Users/GD/Library/Logs/CoreSimulator/2E8239C3-54DB-472B-BE1E-7D2D54CECA08/system.log
[TRACE]  [ioslib] Running: osascript "/Users/GD/Library/Application Support/Titanium/mobilesdk/osx/5.0.2.GA/node_modules/ioslib/lib/sim_focus.scpt" "Simulator"
[TRACE]  [ioslib] iPhone 5 Simulator successfully focused
[TRACE]  [ioslib] Running: /Applications/Xcode.app/Contents/Developer/usr/bin/simctl install 2E8239C3-54DB-472B-BE1E-7D2D54CECA08 /Users/GD/Documents/Visual Frameworks 2/VFW1510/VFW1510/Nazarett_Gerardo_Project4/build/iphone/build/Products/Debug-iphonesimulator/Nazarett_Gerardo_Project4.app
[TRACE]  [ioslib] App installed
[TRACE]  [ioslib] Running: /Applications/Xcode.app/Contents/Developer/usr/bin/simctl launch 2E8239C3-54DB-472B-BE1E-7D2D54CECA08 com.Nazarett.Project4
[TRACE]  [ioslib] App launched
[TRACE]  [Nazarett_Gerardo_Project4] assertion failed: 14F27 13B137: libxpc.dylib + 71730 [D938B614-A290-3D25-8032-8DEF8A01913A]: 0x7d
[TRACE]  [Nazarett_Gerardo_Project4] You've implemented -[<UIApplicationDelegate> application:performFetchWithCompletionHandler:], but you still need to add "fetch" to the list of your supported UIBackgroundModes in your Info.plist.
[TRACE]  [Nazarett_Gerardo_Project4] You've implemented -[<UIApplicationDelegate> application:didReceiveRemoteNotification:fetchCompletionHandler:], but you still need to add "remote-notification" to the list of your supported UIBackgroundModes in your Info.plist.
[TRACE]  [ioslib] Found application log file: /Users/GD/Library/Developer/CoreSimulator/Devices/2E8239C3-54DB-472B-BE1E-7D2D54CECA08/data/Containers/Data/Application/BE6B9635-D03C-470F-8AAB-119543A32E56/Documents/9a0b6bf0-4181-4b37-9222-161b81348e55.log