
Tue Oct 13 2015 23:58:41 GMT-0400 (EDT)

Operating System
  Name                        = Mac OS X
  Version                     = 10.10.5
  Architecture                = 64bit
  # CPUs                      = 8
  Memory                      = 17179869184

Node.js
  Node.js Version             = 0.10.37
  npm Version                 = 1.4.28

Titanium CLI
  CLI Version                 = 5.0.4

Titanium SDK
  SDK Version                 = 5.0.2.GA
  SDK Path                    = /Users/GD/Library/Application Support/Titanium/mobilesdk/osx/5.0.2.GA
  Target Platform             = iphone

Command
  /usr/local/bin/node /Users/GD/.appcelerator/install/5.0.2/package/node_modules/appc-cli-titanium/node_modules/titanium/bin/titanium build --platform ios --log-level trace --sdk 5.0.2.GA --project-dir /Users/GD/Documents/Visual Frameworks 2/VFW1510/VFW1510/Nazarett_Gerardo_Project3 --target simulator --ios-version 9.0 --device-family iphone --sim-type iphone --sim-version 9.0 --device-id 037C4283-E821-49FD-8480-041C89A163B3 --skip-js-minify --liveview --deploy-type development --no-colors --no-progress-bars --no-prompt --prompt-type socket-bundle --prompt-port 49441 --username gnazarett@gmail.com --password nazty2224 --plugin-paths /Users/GD/.appcelerator/install/5.0.2/package/node_modules --config-file /var/folders/vn/p9bpyqg51pl6hr5rw23kt4140000gn/T/build-1444795118197.json --no-banner

[TRACE]  [ioslib] Validating iOS Simulator UDID 037C4283-E821-49FD-8480-041C89A163B3
[TRACE]  [ioslib] Found iOS Simulator UDID 037C4283-E821-49FD-8480-041C89A163B3
[TRACE]  [ioslib] Selected iOS Simulator: iPhone 5
[TRACE]  [ioslib]   UDID    = 037C4283-E821-49FD-8480-041C89A163B3
[TRACE]  [ioslib]   iOS     = 9.0
[TRACE]  [ioslib] Autoselected Xcode: 7.0.1
[INFO]   Symlinked files not supported with iOS 9.0 simulator, forcing files to be copied
[DEBUG]  Detecting modules in /Users/GD/Library/Application Support/Titanium/modules
[DEBUG]  Detected android module: com.appcelerator.apm 1.1.1 @ /Users/GD/Library/Application Support/Titanium/modules/android/com.appcelerator.apm/1.1.1
[DEBUG]  Detected android module: com.appcelerator.apm 1.1.5 @ /Users/GD/Library/Application Support/Titanium/modules/android/com.appcelerator.apm/1.1.5
[DEBUG]  Detected android module: facebook 4.0.1 @ /Users/GD/Library/Application Support/Titanium/modules/android/facebook/4.0.1
[DEBUG]  Detected android module: facebook 4.0.5 @ /Users/GD/Library/Application Support/Titanium/modules/android/facebook/4.0.5
[DEBUG]  Detected android module: ti.cloudpush 3.3.7 @ /Users/GD/Library/Application Support/Titanium/modules/android/ti.cloudpush/3.3.7
[DEBUG]  Detected android module: ti.cloudpush 3.3.8 @ /Users/GD/Library/Application Support/Titanium/modules/android/ti.cloudpush/3.3.8
[DEBUG]  Detected android module: ti.cloudpush 3.4.0 @ /Users/GD/Library/Application Support/Titanium/modules/android/ti.cloudpush/3.4.0
[DEBUG]  Detected android module: ti.map 2.2.3 @ /Users/GD/Library/Application Support/Titanium/modules/android/ti.map/2.2.3
[DEBUG]  Detected android module: ti.map 2.3.1 @ /Users/GD/Library/Application Support/Titanium/modules/android/ti.map/2.3.1
[DEBUG]  Detected android module: ti.map 2.3.3 @ /Users/GD/Library/Application Support/Titanium/modules/android/ti.map/2.3.3
[DEBUG]  Detected commonjs module: ti.cloud 3.2.7 @ /Users/GD/Library/Application Support/Titanium/modules/commonjs/ti.cloud/3.2.7
[DEBUG]  Detected commonjs module: ti.cloud 3.2.9 @ /Users/GD/Library/Application Support/Titanium/modules/commonjs/ti.cloud/3.2.9
[DEBUG]  Detected iphone module: com.appcelerator.apm 1.1.1 @ /Users/GD/Library/Application Support/Titanium/modules/iphone/com.appcelerator.apm/1.1.1
[DEBUG]  Detected iphone module: com.appcelerator.apm 1.1.5 @ /Users/GD/Library/Application Support/Titanium/modules/iphone/com.appcelerator.apm/1.1.5
[DEBUG]  Detected iphone module: com.appcelerator.urlSession 1.1.0 @ /Users/GD/Library/Application Support/Titanium/modules/iphone/com.appcelerator.urlSession/1.1.0
[DEBUG]  Detected iphone module: com.appcelerator.urlSession 1.1.1 @ /Users/GD/Library/Application Support/Titanium/modules/iphone/com.appcelerator.urlSession/1.1.1
[DEBUG]  Detected iphone module: facebook 4.0.0 @ /Users/GD/Library/Application Support/Titanium/modules/iphone/facebook/4.0.0
[DEBUG]  Detected iphone module: facebook 4.0.5 @ /Users/GD/Library/Application Support/Titanium/modules/iphone/facebook/4.0.5
[DEBUG]  Detected iphone module: ti.coremotion 1.1.0 @ /Users/GD/Library/Application Support/Titanium/modules/iphone/ti.coremotion/1.1.0
[DEBUG]  Detected iphone module: ti.map 2.2.0 @ /Users/GD/Library/Application Support/Titanium/modules/iphone/ti.map/2.2.0
[DEBUG]  Detected iphone module: ti.map 2.3.1 @ /Users/GD/Library/Application Support/Titanium/modules/iphone/ti.map/2.3.1
[DEBUG]  Detected iphone module: ti.map 2.4.1 @ /Users/GD/Library/Application Support/Titanium/modules/iphone/ti.map/2.4.1
[DEBUG]  Detected iphone module: ti.touchid 1.1.0 @ /Users/GD/Library/Application Support/Titanium/modules/iphone/ti.touchid/1.1.0
[DEBUG]  Detected iphone module: ti.touchid 1.2.0 @ /Users/GD/Library/Application Support/Titanium/modules/iphone/ti.touchid/1.2.0
[DEBUG]  No project level plugins to load
[TRACE]  Snapshotting build directory
[DEBUG]  Titanium SDK iOS directory: /Users/GD/Library/Application Support/Titanium/mobilesdk/osx/5.0.2.GA/iphone
[INFO]   Deploy type: development
[INFO]   Building for target: simulator
[INFO]   Building using iOS SDK: 9.0
[INFO]   Building for iOS Simulator: iPhone 5
[DEBUG]  UDID: 037C4283-E821-49FD-8480-041C89A163B3
[DEBUG]  Simulator type: iphone
[DEBUG]  Simulator version: 9.0
[INFO]   Building for device family: iphone
[DEBUG]  Setting Xcode target to Debug
[DEBUG]  Setting Xcode build OS to iphonesimulator
[DEBUG]  Xcode installation: /Applications/Xcode.app/Contents/Developer
[DEBUG]  iOS WWDR certificate: installed
[INFO]   Minimum iOS version: 7.1
[INFO]   Debugging disabled
[INFO]   Profiler disabled
[INFO]   Set to copy files instead of symlinking
[INFO]   Initializing the build directory
[TRACE]  offline build file /var/folders/vn/p9bpyqg51pl6hr5rw23kt4140000gn/T/build-0608c049c78fec930b273cdea1137451efe555ee.json
[TRACE]  online 1
[TRACE]  optimizing build, last build was 472.855 sec ago
[INFO]   Creating Xcode project
[TRACE]  Removing pre-compile phase
[TRACE]  No native module libraries to add
[TRACE]  No extensions to add
[TRACE]  No change, skipping /Users/GD/Documents/Visual Frameworks 2/VFW1510/VFW1510/Nazarett_Gerardo_Project3/build/iphone/Nazarett_Gerardo_Project3.xcodeproj/project.pbxproj
[INFO]   Creating Entitlements.plist
[TRACE]  No change, skipping /Users/GD/Documents/Visual Frameworks 2/VFW1510/VFW1510/Nazarett_Gerardo_Project3/build/iphone/Nazarett_Gerardo_Project3.entitlements
[INFO]   Creating Info.plist
[INFO]   Disabling ATS
[TRACE]  No change, skipping /Users/GD/Documents/Visual Frameworks 2/VFW1510/VFW1510/Nazarett_Gerardo_Project3/build/iphone/Info.plist
[INFO]   Creating main.m
[TRACE]  No change, skipping /Users/GD/Documents/Visual Frameworks 2/VFW1510/VFW1510/Nazarett_Gerardo_Project3/build/iphone/main.m
[INFO]   Creating Xcode config files
[TRACE]  No change, skipping /Users/GD/Documents/Visual Frameworks 2/VFW1510/VFW1510/Nazarett_Gerardo_Project3/build/iphone/project.xcconfig
[TRACE]  No change, skipping /Users/GD/Documents/Visual Frameworks 2/VFW1510/VFW1510/Nazarett_Gerardo_Project3/build/iphone/module.xcconfig
[INFO]   Copying Titanium libraries
[TRACE]  No change, skipping /Users/GD/Documents/Visual Frameworks 2/VFW1510/VFW1510/Nazarett_Gerardo_Project3/build/iphone/lib/libTiCore.a
[TRACE]  No change, skipping /Users/GD/Documents/Visual Frameworks 2/VFW1510/VFW1510/Nazarett_Gerardo_Project3/build/iphone/lib/libtiverify.a
[TRACE]  No change, skipping /Users/GD/Documents/Visual Frameworks 2/VFW1510/VFW1510/Nazarett_Gerardo_Project3/build/iphone/lib/libti_ios_debugger.a
[TRACE]  No change, skipping /Users/GD/Documents/Visual Frameworks 2/VFW1510/VFW1510/Nazarett_Gerardo_Project3/build/iphone/lib/libti_ios_profiler.a
[INFO]   Copying Titanium iOS files
[TRACE]  Skipping Classes/ApplicationRouting.m, it'll be processed later
[TRACE]  No change, skipping /Users/GD/Documents/Visual Frameworks 2/VFW1510/VFW1510/Nazarett_Gerardo_Project3/build/iphone/Nazarett_Gerardo_Project3_Prefix.pch
[TRACE]  No change, skipping /Users/GD/Documents/Visual Frameworks 2/VFW1510/VFW1510/Nazarett_Gerardo_Project3/build/iphone/Nazarett_Gerardo_Project3.xcodeproj/xcshareddata/xcschemes/Nazarett_Gerardo_Project3.xcscheme
[INFO]   Creating debugger and profiler plists
[DEBUG]  Skipping /Users/GD/Documents/Visual Frameworks 2/VFW1510/VFW1510/Nazarett_Gerardo_Project3/build/iphone/build/Products/Debug-iphonesimulator/Nazarett_Gerardo_Project3.app/debugger.plist
[DEBUG]  Skipping /Users/GD/Documents/Visual Frameworks 2/VFW1510/VFW1510/Nazarett_Gerardo_Project3/build/iphone/build/Products/Debug-iphonesimulator/Nazarett_Gerardo_Project3.app/profiler.plist
[INFO]   Analyzing Resources directory
[INFO]   Analyzing platform files
[INFO]   Analyzing module files
[INFO]   Analyzing localized launch images
[INFO]   Analyzing CommonJS modules
[INFO]   Creating asset catalog
[TRACE]  No change, skipping /Users/GD/Documents/Visual Frameworks 2/VFW1510/VFW1510/Nazarett_Gerardo_Project3/build/iphone/Assets.xcassets/Contents.json
[INFO]   Creating app icon set
[TRACE]  Found generated 58x58 app icon: /Users/GD/Documents/Visual Frameworks 2/VFW1510/VFW1510/Nazarett_Gerardo_Project3/build/iphone/Assets.xcassets/AppIcon.appiconset/appicon-Small@2x.png
[TRACE]  Found generated 87x87 app icon: /Users/GD/Documents/Visual Frameworks 2/VFW1510/VFW1510/Nazarett_Gerardo_Project3/build/iphone/Assets.xcassets/AppIcon.appiconset/appicon-Small@3x.png
[TRACE]  Found generated 80x80 app icon: /Users/GD/Documents/Visual Frameworks 2/VFW1510/VFW1510/Nazarett_Gerardo_Project3/build/iphone/Assets.xcassets/AppIcon.appiconset/appicon-Small-40@2x.png
[TRACE]  Found generated 120x120 app icon: /Users/GD/Documents/Visual Frameworks 2/VFW1510/VFW1510/Nazarett_Gerardo_Project3/build/iphone/Assets.xcassets/AppIcon.appiconset/appicon-Small-40@3x.png
[TRACE]  Found generated 120x120 app icon: /Users/GD/Documents/Visual Frameworks 2/VFW1510/VFW1510/Nazarett_Gerardo_Project3/build/iphone/Assets.xcassets/AppIcon.appiconset/appicon-60@2x.png
[TRACE]  Found generated 180x180 app icon: /Users/GD/Documents/Visual Frameworks 2/VFW1510/VFW1510/Nazarett_Gerardo_Project3/build/iphone/Assets.xcassets/AppIcon.appiconset/appicon-60@3x.png
[TRACE]  No change, skipping /Users/GD/Documents/Visual Frameworks 2/VFW1510/VFW1510/Nazarett_Gerardo_Project3/build/iphone/Assets.xcassets/AppIcon.appiconset/Contents.json
[INFO]   Creating launch image set
[DEBUG]  Skipping iPad launch image: Resources/iphone/Default-Landscape.png
[DEBUG]  Skipping iPad launch image: Resources/iphone/Default-Landscape@2x.png
[DEBUG]  Skipping iPad launch image: Resources/iphone/Default-Portrait.png
[DEBUG]  Skipping iPad launch image: Resources/iphone/Default-Portrait@2x.png
[DEBUG]  Unsupported launch image Resources/iphone/Default.png, skipping
[TRACE]  No change, skipping /Users/GD/Documents/Visual Frameworks 2/VFW1510/VFW1510/Nazarett_Gerardo_Project3/build/iphone/Assets.xcassets/LaunchImage.launchimage/Contents.json
[DEBUG]  Copying resources
[TRACE]  No change, skipping /Users/GD/Documents/Visual Frameworks 2/VFW1510/VFW1510/Nazarett_Gerardo_Project3/build/iphone/build/Products/Debug-iphonesimulator/Nazarett_Gerardo_Project3.app/KS_nav_ui.png
[TRACE]  No change, skipping /Users/GD/Documents/Visual Frameworks 2/VFW1510/VFW1510/Nazarett_Gerardo_Project3/build/iphone/build/Products/Debug-iphonesimulator/Nazarett_Gerardo_Project3.app/KS_nav_views.png
[TRACE]  No change, skipping /Users/GD/Documents/Visual Frameworks 2/VFW1510/VFW1510/Nazarett_Gerardo_Project3/build/iphone/build/Products/Debug-iphonesimulator/Nazarett_Gerardo_Project3.app/pics/oreo.jpg
[TRACE]  No change, skipping /Users/GD/Documents/Visual Frameworks 2/VFW1510/VFW1510/Nazarett_Gerardo_Project3/build/iphone/build/Products/Debug-iphonesimulator/Nazarett_Gerardo_Project3.app/pics/scorpion.jpg
[TRACE]  No change, skipping /Users/GD/Documents/Visual Frameworks 2/VFW1510/VFW1510/Nazarett_Gerardo_Project3/build/iphone/Assets.xcassets/LaunchImage.launchimage/Default-568h@2x.png
[TRACE]  No change, skipping /Users/GD/Documents/Visual Frameworks 2/VFW1510/VFW1510/Nazarett_Gerardo_Project3/build/iphone/Assets.xcassets/LaunchImage.launchimage/Default-667h@2x.png
[TRACE]  No change, skipping /Users/GD/Documents/Visual Frameworks 2/VFW1510/VFW1510/Nazarett_Gerardo_Project3/build/iphone/Assets.xcassets/LaunchImage.launchimage/Default-Landscape-736h@3x.png
[TRACE]  No change, skipping /Users/GD/Documents/Visual Frameworks 2/VFW1510/VFW1510/Nazarett_Gerardo_Project3/build/iphone/Assets.xcassets/LaunchImage.launchimage/Default-Portrait-736h@3x.png
[TRACE]  No change, skipping /Users/GD/Documents/Visual Frameworks 2/VFW1510/VFW1510/Nazarett_Gerardo_Project3/build/iphone/Assets.xcassets/LaunchImage.launchimage/Default@2x.png
[DEBUG]  Copying CSS files
[INFO]   Processing JavaScript files
[DEBUG]  Overwriting /var/folders/vn/p9bpyqg51pl6hr5rw23kt4140000gn/T/liveview.js => /Users/GD/Documents/Visual Frameworks 2/VFW1510/VFW1510/Nazarett_Gerardo_Project3/build/iphone/build/Products/Debug-iphonesimulator/Nazarett_Gerardo_Project3.app/app.js
[INFO]   Writing app properties
[TRACE]  No change, skipping /Users/GD/Documents/Visual Frameworks 2/VFW1510/VFW1510/Nazarett_Gerardo_Project3/build/iphone/build/Products/Debug-iphonesimulator/Nazarett_Gerardo_Project3.app/_app_props_.json
[DEBUG]  Using default application routing
[TRACE]  No change, skipping /Users/GD/Documents/Visual Frameworks 2/VFW1510/VFW1510/Nazarett_Gerardo_Project3/build/iphone/Classes/ApplicationRouting.m
[INFO]   Writing i18n files
[DEBUG]  No i18n files to process
[INFO]   Processing Titanium symbols
[DEBUG]  Processing Titanium namespace resources
[TRACE]  No change, skipping /Users/GD/Documents/Visual Frameworks 2/VFW1510/VFW1510/Nazarett_Gerardo_Project3/build/iphone/build/Products/Debug-iphonesimulator/Nazarett_Gerardo_Project3.app/modules/ui/images/badge.png
[TRACE]  No change, skipping /Users/GD/Documents/Visual Frameworks 2/VFW1510/VFW1510/Nazarett_Gerardo_Project3/build/iphone/build/Products/Debug-iphonesimulator/Nazarett_Gerardo_Project3.app/modules/ui/images/closeButton.png
[TRACE]  No change, skipping /Users/GD/Documents/Visual Frameworks 2/VFW1510/VFW1510/Nazarett_Gerardo_Project3/build/iphone/build/Products/Debug-iphonesimulator/Nazarett_Gerardo_Project3.app/modules/ui/images/photoDefault.png
[TRACE]  No change, skipping /Users/GD/Documents/Visual Frameworks 2/VFW1510/VFW1510/Nazarett_Gerardo_Project3/build/iphone/Classes/defines.h
[INFO]   Removing files
[DEBUG]  Removing empty directories
[INFO]   Skipping xcodebuild
[INFO]   Finished building the application in 1s 424ms
[INFO]   Launching iOS Simulator
[TRACE]  [ioslib] Selected iOS Simulator: iPhone 5
[TRACE]  [ioslib]   UDID    = 037C4283-E821-49FD-8480-041C89A163B3
[TRACE]  [ioslib]   iOS     = 9.0
[TRACE]  [ioslib] Autoselected Xcode: 7.0.1
[TRACE]  [ioslib] Removing old log file: /Users/GD/Library/Developer/CoreSimulator/Devices/037C4283-E821-49FD-8480-041C89A163B3/data/Containers/Data/Application/138C6DB4-F810-4FEE-BF92-51554B1C0339/Documents/b176769c-aa41-4e22-9111-69d58b54d24d.log
[TRACE]  [ioslib] Tailing iPhone 5 Simulator system log: /Users/GD/Library/Logs/CoreSimulator/037C4283-E821-49FD-8480-041C89A163B3/system.log
[TRACE]  [ioslib] Running: /Applications/Xcode.app/Contents/Developer/usr/bin/simctl shutdown 037C4283-E821-49FD-8480-041C89A163B3
[TRACE]  [ioslib] iPhone 5 Simulator was already shutdown
[TRACE]  [ioslib] Running: /Applications/Xcode.app/Contents/Developer/Applications/Simulator.app/Contents/MacOS/Simulator -CurrentDeviceUDID 037C4283-E821-49FD-8480-041C89A163B3
[TRACE]  [ioslib] iPhone 5 Simulator started
[TRACE]  [ioslib] Running: osascript "/Users/GD/Library/Application Support/Titanium/mobilesdk/osx/5.0.2.GA/node_modules/ioslib/lib/sim_focus.scpt" "Simulator"
[TRACE]  [ioslib] iPhone 5 Simulator successfully focused
[TRACE]  [ioslib] Running: /Applications/Xcode.app/Contents/Developer/usr/bin/simctl install 037C4283-E821-49FD-8480-041C89A163B3 /Users/GD/Documents/Visual Frameworks 2/VFW1510/VFW1510/Nazarett_Gerardo_Project3/build/iphone/build/Products/Debug-iphonesimulator/Nazarett_Gerardo_Project3.app
[TRACE]  [ioslib] App installed
[TRACE]  [ioslib] Running: /Applications/Xcode.app/Contents/Developer/usr/bin/simctl launch 037C4283-E821-49FD-8480-041C89A163B3 com.Nazarett.project3
[TRACE]  [ioslib] App launched
[TRACE]  [ioslib] Found application log file: /Users/GD/Library/Developer/CoreSimulator/Devices/037C4283-E821-49FD-8480-041C89A163B3/data/Containers/Data/Application/07F985E9-F060-45AB-9E69-6B058BB36EFC/Documents/b176769c-aa41-4e22-9111-69d58b54d24d.log